  main.cpp
d:\github\virtual-economy-simulation\ve_simulator\ve_simulator\company.cpp(60): warning C4244: '=': conversion from 'int' to 'float', possible loss of data
d:\github\virtual-economy-simulation\ve_simulator\ve_simulator\company.cpp(66): warning C4244: '=': conversion from 'int' to 'float', possible loss of data
d:\github\virtual-economy-simulation\ve_simulator\ve_simulator\market.cpp(59): warning C4244: 'initializing': conversion from 'std::chrono::system_clock::rep' to 'unsigned int', possible loss of data
d:\github\virtual-economy-simulation\ve_simulator\ve_simulator\market.cpp(60): warning C4244: 'argument': conversion from 'time_t' to 'unsigned int', possible loss of data
d:\github\virtual-economy-simulation\ve_simulator\ve_simulator\market.cpp(71): warning C4244: '=': conversion from 'int' to 'float', possible loss of data
d:\github\virtual-economy-simulation\ve_simulator\ve_simulator\production.cpp(23): warning C4305: '=': truncation from 'double' to 'float'
d:\github\virtual-economy-simulation\ve_simulator\ve_simulator\production.cpp(27): warning C4305: '=': truncation from 'double' to 'float'
d:\github\virtual-economy-simulation\ve_simulator\ve_simulator\production.cpp(31): warning C4305: '=': truncation from 'double' to 'float'
d:\github\virtual-economy-simulation\ve_simulator\ve_simulator\production.cpp(35): warning C4305: '=': truncation from 'double' to 'float'
d:\github\virtual-economy-simulation\ve_simulator\ve_simulator\production.cpp(43): warning C4305: '=': truncation from 'double' to 'float'
d:\github\virtual-economy-simulation\ve_simulator\ve_simulator\production.cpp(47): warning C4305: '=': truncation from 'double' to 'float'
d:\github\virtual-economy-simulation\ve_simulator\ve_simulator\production.cpp(51): warning C4305: '=': truncation from 'double' to 'float'
d:\github\virtual-economy-simulation\ve_simulator\ve_simulator\production.cpp(55): warning C4305: '=': truncation from 'double' to 'float'
d:\github\virtual-economy-simulation\ve_simulator\ve_simulator\firmchange.cpp(10): warning C4244: 'argument': conversion from 'time_t' to 'unsigned int', possible loss of data
d:\github\virtual-economy-simulation\ve_simulator\ve_simulator\firmchange.cpp(12): warning C4244: 'initializing': conversion from 'std::chrono::system_clock::rep' to 'unsigned int', possible loss of data
d:\github\virtual-economy-simulation\ve_simulator\ve_simulator\firmchange.cpp(44): warning C4244: '=': conversion from 'double' to 'float', possible loss of data
d:\github\virtual-economy-simulation\ve_simulator\ve_simulator\firmchange.cpp(45): warning C4244: '=': conversion from 'double' to 'float', possible loss of data
c:\program files\microsoft visual studio\2017\community\vc\tools\msvc\14.10.25017\include\random(3790): warning C4244: '=': conversion from 'double' to 'float', possible loss of data
  c:\program files\microsoft visual studio\2017\community\vc\tools\msvc\14.10.25017\include\random(3725): note: see reference to function template instantiation 'float std::normal_distribution<float>::_Eval<_Engine>(_Engine &,const std::normal_distribution<float>::param_type &,bool)' being compiled
          with
          [
              _Engine=std::default_random_engine
          ]
  c:\program files\microsoft visual studio\2017\community\vc\tools\msvc\14.10.25017\include\random(3725): note: see reference to function template instantiation 'float std::normal_distribution<float>::_Eval<_Engine>(_Engine &,const std::normal_distribution<float>::param_type &,bool)' being compiled
          with
          [
              _Engine=std::default_random_engine
          ]
  d:\github\virtual-economy-simulation\ve_simulator\ve_simulator\firmchange.cpp(40): note: see reference to function template instantiation 'float std::normal_distribution<float>::operator ()<std::default_random_engine>(_Engine &)' being compiled
          with
          [
              _Engine=std::default_random_engine
          ]
  d:\github\virtual-economy-simulation\ve_simulator\ve_simulator\firmchange.cpp(40): note: see reference to function template instantiation 'float std::normal_distribution<float>::operator ()<std::default_random_engine>(_Engine &)' being compiled
          with
          [
              _Engine=std::default_random_engine
          ]
c:\program files\microsoft visual studio\2017\community\vc\tools\msvc\14.10.25017\include\random(3793): warning C4244: '=': conversion from 'double' to 'float', possible loss of data
  VE_Simulator.vcxproj -> D:\GitHub\Virtual-Economy-Simulation\VE_Simulator\Debug\VE_Simulator.exe
  VE_Simulator.vcxproj -> D:\GitHub\Virtual-Economy-Simulation\VE_Simulator\Debug\VE_Simulator.pdb (Partial PDB)
